<?xml version="1.0" encoding="UTF-8"?>
<testng-results skipped="0" failed="0" total="2" passed="2">
  <reporter-output>
    <line>
      <![CDATA[hello java]]>
    </line>
    <line>
      <![CDATA[hello selenium]]>
    </line>
  </reporter-output>
  <suite name="Suite" duration-ms="119" started-at="2022-09-29T03:32:44Z" finished-at="2022-09-29T03:32:44Z">
    <groups>
    </groups>
    <test name="Test" duration-ms="119" started-at="2022-09-29T03:32:44Z" finished-at="2022-09-29T03:32:44Z">
      <class name="scripts.test1">
        <test-method status="PASS" signature="tc1()[pri:0, instance:scripts.test1@129a8472]" name="tc1" duration-ms="62" started-at="2022-09-29T09:02:44Z" finished-at="2022-09-29T09:02:44Z">
          <reporter-output>
            <line>
              <![CDATA[hello java]]>
            </line>
          </reporter-output>
        </test-method> <!-- tc1 -->
      </class> <!-- scripts.test1 -->
      <class name="scripts.test2">
        <test-method status="PASS" signature="tc3()[pri:0, instance:scripts.test2@2d209079]" name="tc3" duration-ms="0" started-at="2022-09-29T09:02:44Z" finished-at="2022-09-29T09:02:44Z">
          <reporter-output>
            <line>
              <![CDATA[hello selenium]]>
            </line>
          </reporter-output>
        </test-method> <!-- tc3 -->
      </class> <!-- scripts.test2 -->
    </test> <!-- Test -->
  </suite> <!-- Suite -->
</testng-results>
